<?xml version="1.0" encoding="UTF-8"?>
<!-- Generated by org.testng.reporters.JUnitReportReporter -->
<testsuite hostname="SUBHADEEP" failures="0" tests="1" name="Practice.TestMethodCls" time="8.728" errors="0" timestamp="2023-04-24T17:30:08 IST" skipped="0">
  <testcase classname="Practice.TestMethodCls" name="validLogin" time="8.728"/>
  <system-out/>
</testsuite> <!-- Practice.TestMethodCls -->
