<?xml version="1.0" encoding="UTF-8"?>
<!-- Generated by org.testng.reporters.JUnitReportReporter -->
<testsuite hostname="SUBHADEEP" failures="0" tests="1" name="Practice.DemoTest" time="0.007" errors="0" timestamp="2023-04-24T12:55:35 IST" skipped="0">
  <testcase classname="Practice.DemoTest" name="method" time="0.007"/>
  <system-out/>
</testsuite> <!-- Practice.DemoTest -->
